============================= test session starts ==============================
platform linux -- Python 3.11.0rc1, pytest-8.4.2, pluggy-1.6.0 -- /home/hacker/mindX/.mindx_env/bin/python
cachedir: .pytest_cache
rootdir: /dev
configfile: null
plugins: asyncio-1.3.0, anyio-4.10.0
asyncio: mode=Mode.STRICT, debug=False, asyncio_default_fixture_loop_scope=None, asyncio_default_test_loop_scope=function
collecting ... collected 25 items

../../../dev::test_challenge_well_formed PASSED                          [  4%]
../../../dev::test_consume_signed_challenge_happy PASSED                 [  8%]
../../../dev::test_replay_rejected PASSED                                [ 12%]
../../../dev::test_wrong_signer_rejected PASSED                          [ 16%]
../../../dev::test_scope_mismatch_rejected PASSED                        [ 20%]
../../../dev::test_params_tamper_rejected PASSED                         [ 24%]
../../../dev::test_jwt_round_trip PASSED                                 [ 28%]
../../../dev::test_jwt_wrong_scope_rejected PASSED                       [ 32%]
../../../dev::test_jwt_subject_must_be_overlord PASSED                   [ 36%]
../../../dev::test_concurrent_challenges_distinct PASSED                 [ 40%]
../../../dev::test_auth_round_trip_issues_jwt PASSED                     [ 44%]
../../../dev::test_provision_creates_8_wallets_and_registry_block PASSED [ 48%]
../../../dev::test_public_read_strips_vault_pk_id PASSED                 [ 52%]
../../../dev::test_sign_as_agent_returns_valid_sig_no_pk_leak PASSED     [ 56%]
../../../dev::test_sign_message_tamper_rejected PASSED                   [ 60%]
../../../dev::test_provision_idempotent PASSED                           [ 64%]
../../../dev::test_clear_requires_destroy_string PASSED                  [ 68%]
../../../dev::test_clear_with_correct_confirm_succeeds PASSED            [ 72%]
../../../dev::test_no_jwt_blocked PASSED                                 [ 76%]
../../../dev::test_addresses_match_pk_derivation PASSED                  [ 80%]
../../../dev::test_release_key_returns_pk_with_correct_confirm PASSED    [ 84%]
../../../dev::test_release_key_rejects_wrong_confirm PASSED              [ 88%]
../../../dev::test_public_read_404_for_unprovisioned_company PASSED      [ 92%]
../../../dev::test_two_companies_coexist_with_isolated_namespaces PASSED [ 96%]
../../../dev::test_agent_map_soldiers_backfilled_after_provision PASSED  [100%]

=============================== warnings summary ===============================
::test_challenge_well_formed


-- Docs: https://docs.pytest.org/en/stable/how-to/capture-warnings.html
======================== 25 passed, 2 warnings in 3.15s ========================
